<?xml version="1.0" encoding="utf-8"?><testsuites><testsuite name="pytest" errors="0" failures="0" skipped="0" tests="46" time="1.432" timestamp="2026-02-21T10:31:22.970654" hostname="1162b8ddcd87"><testcase classname="test.test_api" name="test_root" time="0.007" /><testcase classname="test.test_api" name="test_health" time="0.004" /><testcase classname="test.test_api" name="test_parse" time="0.009" /><testcase classname="test.test_api" name="test_validator" time="0.010" /><testcase classname="test.test_api" name="test_filter_with_inkperiod" time="0.022" /><testcase classname="test.test_api" name="test_returns_nps_verification" time="0.021" /><testcase classname="test.test_api" name="test_returns_index_verification" time="0.022" /><testcase classname="test.test_api" name="test_performance" time="0.005" /><testcase classname="test.test_grouping" name="test_verification_example" time="0.006" /><testcase classname="test.test_grouping" name="test_multi_k_membership" time="0.005" /><testcase classname="test.test_grouping" name="test_empty_k" time="0.003" /><testcase classname="test.test_grouping" name="test_no_k" time="0.002" /><testcase classname="test.test_parser" name="test_basic_rounding" time="0.004" /><testcase classname="test.test_parser" name="test_exact_multiple_of_100" time="0.004" /><testcase classname="test.test_parser" name="test_small_amount" time="0.004" /><testcase classname="test.test_parser" name="test_large_amount" time="0.003" /><testcase classname="test.test_parser" name="test_empty_expenses" time="0.002" /><testcase classname="test.test_parser" name="test_verification_examples" time="0.004" /><testcase classname="test.test_returns" name="test_years_under_60" time="0.001" /><testcase classname="test.test_returns" name="test_years_60_plus" time="0.001" /><testcase classname="test.test_returns" name="test_nps_verification" time="0.001" /><testcase classname="test.test_returns" name="test_index_verification" time="0.001" /><testcase classname="test.test_returns" name="test_nps_zero_amount" time="0.001" /><testcase classname="test.test_returns" name="test_index_zero_inflation" time="0.001" /><testcase classname="test.test_tax" name="test_tax_below_7l" time="0.001" /><testcase classname="test.test_tax" name="test_tax_first_slab" time="0.001" /><testcase classname="test.test_tax" name="test_tax_second_slab" time="0.001" /><testcase classname="test.test_tax" name="test_tax_top_slab" time="0.001" /><testcase classname="test.test_tax" name="test_deduction_cap" time="0.001" /><testcase classname="test.test_tax" name="test_tax_benefit_below_threshold" time="0.001" /><testcase classname="test.test_tax" name="test_tax_benefit_high_income" time="0.002" /><testcase classname="test.test_temporal" name="test_no_periods" time="0.003" /><testcase classname="test.test_temporal" name="test_q_override" time="0.007" /><testcase classname="test.test_temporal" name="test_q_override_to_zero" time="0.006" /><testcase classname="test.test_temporal" name="test_q_latest_start_wins" time="0.007" /><testcase classname="test.test_temporal" name="test_q_tie_first_listed" time="0.006" /><testcase classname="test.test_temporal" name="test_p_addition" time="0.005" /><testcase classname="test.test_temporal" name="test_p_multiple_sum" time="0.005" /><testcase classname="test.test_temporal" name="test_q_then_p" time="0.010" /><testcase classname="test.test_temporal" name="test_verification_example" time="0.012" /><testcase classname="test.test_validator" name="test_valid_transaction" time="0.003" /><testcase classname="test.test_validator" name="test_zero_amount_valid" time="0.004" /><testcase classname="test.test_validator" name="test_negative_amount" time="0.004" /><testcase classname="test.test_validator" name="test_wrong_ceiling" time="0.005" /><testcase classname="test.test_validator" name="test_duplicate_timestamp" time="0.005" /><testcase classname="test.test_validator" name="test_empty_dataframe" time="0.002" /></testsuite></testsuites>